MPASM 5.77                      SEMAFORO.ASM   4-4-2022  20:06:04         PAGE  1


LOC  OBJECT CODE     LINE SOURCE TEXT
  VALUE

                      00001 ;* * * * * * * * * * * * * * * * * * * * * * * * * * * * * * * * * *
                      00002 ;*              MODIFICAÇÕES PARA USO COM 12F675                   *
                      00003 ;*                FEITAS PELO PROF. MARDSON                        *
                      00004 ;*                      MARÇO DE 2021                              *
                      00005 ;*                 BASEADO NO EXEMPLO DO LIVRO                     *
                      00006 ;*           Desbravando o PIC. David José de Souza                *
                      00007 ;*-----------------------------------------------------------------*
                      00008 ;*   MODELO PARA O PIC 12F675                                      *
                      00009 ;* * * * * * * * * * * * * * * * * * * * * * * * * * * * * * * * * *
                      00010 
                      00011 ;* * * * * * * * * * * * * * * * * * * * * * * * * * * * * * * * * *
                      00012 ;*                     ARQUIVOS DE DEFINIÇÕES                      *
                      00013 ;* * * * * * * * * * * * * * * * * * * * * * * * * * * * * * * * * *
                      00014 #INCLUDE <p12f675.inc>  ;ARQUIVO PADRÃO MICROCHIP PARA 12F675
                      00001         LIST
                      00002 
                      00003 ;==========================================================================
                      00004 ; Build date : Nov 22 2017
                      00005 ;  MPASM PIC12F675 processor include
                      00006 ; 
                      00007 ;  (c) Copyright 1999-2017 Microchip Technology, All rights reserved
                      00008 ;==========================================================================
                      00009 
                      00367         LIST
                      00015 
2007   3FA4           00016         __CONFIG _BODEN_OFF & _CP_OFF & _PWRTE_ON & _WDT_OFF & _MCLRE_ON & _INTRC_OSC_NOCLKOUT
                      00017 
                      00018 ;* * * * * * * * * * * * * * * * * * * * * * * * * * * * * * * * * *
                      00019 ;*                    PAGINAÇÃO DE MEMÓRIA                         *
                      00020 ;* * * * * * * * * * * * * * * * * * * * * * * * * * * * * * * * * *
                      00021 ;DEFINIÇÃO DE COMANDOS DE USUÁRIO PARA ALTERAÇÃO DA PÁGINA DE MEMÓRIA
                      00022 #DEFINE BANK0   BCF STATUS,RP0  ;SETA BANK 0 DE MEMÓRIA
                      00023 #DEFINE BANK1   BSF STATUS,RP0  ;SETA BANK 1 DE MAMÓRIA
                      00024 
                      00025 ;* * * * * * * * * * * * * * * * * * * * * * * * * * * * * * * * * *
                      00026 ;*                         VARIÁVEIS                               *
                      00027 ;* * * * * * * * * * * * * * * * * * * * * * * * * * * * * * * * * *
                      00028 ; DEFINIÇÃO DOS NOMES E ENDEREÇOS DE TODAS AS VARIÁVEIS UTILIZADAS 
                      00029 ; PELO SISTEMA
                      00030 
                      00031         CBLOCK  0x20    ;ENDEREÇO INICIAL DA MEMÓRIA DE
                      00032                                         ;USUÁRIO
  00000020            00033                 W_TEMP          ;REGISTRADORES TEMPORÁRIOS PARA USO
  00000021            00034                 STATUS_TEMP     ;JUNTO ÀS INTERRUPÇÕES
  00000022            00035                 COUNTR
                      00036                 ;COLOQUE AQUI SUAS NOVAS VARIÁVEIS
                      00037                 ;NÃO ESQUEÇA COMENTÁRIOS ESCLARECEDORES
                      00038 
                      00039         ENDC                    ;FIM DO BLOCO DE DEFINIÇÃO DE VARIÁVEIS
                      00040 
                      00041 ;* * * * * * * * * * * * * * * * * * * * * * * * * * * * * * * * * *
                      00042 ;*                        FLAGS INTERNOS                           *
                      00043 ;* * * * * * * * * * * * * * * * * * * * * * * * * * * * * * * * * *
MPASM 5.77                      SEMAFORO.ASM   4-4-2022  20:06:04         PAGE  2


LOC  OBJECT CODE     LINE SOURCE TEXT
  VALUE

                      00044 ; DEFINIÇÃO DE TODOS OS FLAGS UTILIZADOS PELO SISTEMA
                      00045 
                      00046 ;* * * * * * * * * * * * * * * * * * * * * * * * * * * * * * * * * *
                      00047 ;*                         CONSTANTES                              *
                      00048 ;* * * * * * * * * * * * * * * * * * * * * * * * * * * * * * * * * *
                      00049 ; DEFINIÇÃO DE TODAS AS CONSTANTES UTILIZADAS PELO SISTEMA
                      00050 
                      00051 ;* * * * * * * * * * * * * * * * * * * * * * * * * * * * * * * * * *
                      00052 ;*                           ENTRADAS                              *
                      00053 ;* * * * * * * * * * * * * * * * * * * * * * * * * * * * * * * * * *
                      00054 ; DEFINIÇÃO DE TODOS OS PINOS QUE SERÃO UTILIZADOS COMO ENTRADA
                      00055 ; RECOMENDAMOS TAMBÉM COMENTAR O SIGNIFICADO DE SEUS ESTADOS (0 E 1)
                      00056 
                      00057 ;* * * * * * * * * * * * * * * * * * * * * * * * * * * * * * * * * *
                      00058 ;*                           SAÍDAS                                *
                      00059 ;* * * * * * * * * * * * * * * * * * * * * * * * * * * * * * * * * *
                      00060 ; DEFINIÇÃO DE TODOS OS PINOS QUE SERÃO UTILIZADOS COMO SAÍDA
                      00061 ; RECOMENDAMOS TAMBÉM COMENTAR O SIGNIFICADO DE SEUS ESTADOS (0 E 1)
                      00062 
                      00063 ;* * * * * * * * * * * * * * * * * * * * * * * * * * * * * * * * * *
                      00064 ;*                       VETOR DE RESET                            *
                      00065 ;* * * * * * * * * * * * * * * * * * * * * * * * * * * * * * * * * *
                      00066 
                      00067         ORG     0x00                    ;ENDEREÇO INICIAL DE PROCESSAMENTO
0000   2???           00068         GOTO    INICIO
                      00069         
                      00070 ;* * * * * * * * * * * * * * * * * * * * * * * * * * * * * * * * * *
                      00071 ;*                    INÍCIO DA INTERRUPÇÃO                        *
                      00072 ;* * * * * * * * * * * * * * * * * * * * * * * * * * * * * * * * * *
                      00073 ; ENDEREÇO DE DESVIO DAS INTERRUPÇÕES. A PRIMEIRA TAREFA É SALVAR OS
                      00074 ; VALORES DE "W" E "STATUS" PARA RECUPERAÇÃO FUTURA
                      00075 
                      00076         ORG     0x04                    ;ENDEREÇO INICIAL DA INTERRUPÇÃO
0004   00A0           00077         MOVWF   W_TEMP          ;COPIA W PARA W_TEMP
0005   0E03           00078         SWAPF   STATUS,W
0006   00A1           00079         MOVWF   STATUS_TEMP     ;COPIA STATUS PARA STATUS_TEMP
                      00080 
                      00081 ;* * * * * * * * * * * * * * * * * * * * * * * * * * * * * * * * * *
                      00082 ;*                    ROTINA DE INTERRUPÇÃO                        *
                      00083 ;* * * * * * * * * * * * * * * * * * * * * * * * * * * * * * * * * *
                      00084 ; AQUI SERÃO ESCRITAS AS ROTINAS DE RECONHECIMENTO E TRATAMENTO DAS
                      00085 ; INTERRUPÇÕES
                      00086 
                      00087 ;* * * * * * * * * * * * * * * * * * * * * * * * * * * * * * * * * *
                      00088 ;*                 ROTINA DE SAÍDA DA INTERRUPÇÃO                  *
                      00089 ;* * * * * * * * * * * * * * * * * * * * * * * * * * * * * * * * * *
                      00090 ; OS VALORES DE "W" E "STATUS" DEVEM SER RECUPERADOS ANTES DE 
                      00091 ; RETORNAR DA INTERRUPÇÃO
                      00092 
0007                  00093 SAI_INT
0007   0E21           00094         SWAPF   STATUS_TEMP,W
0008   0083           00095         MOVWF   STATUS          ;MOVE STATUS_TEMP PARA STATUS
0009   0EA0           00096         SWAPF   W_TEMP,F
MPASM 5.77                      SEMAFORO.ASM   4-4-2022  20:06:04         PAGE  3


LOC  OBJECT CODE     LINE SOURCE TEXT
  VALUE

000A   0E20           00097         SWAPF   W_TEMP,W        ;MOVE W_TEMP PARA W
000B   0009           00098         RETFIE
                      00099 
                      00100 ;* * * * * * * * * * * * * * * * * * * * * * * * * * * * * * * * * *
                      00101 ;*                       ROTINAS E SUBROTINAS                      *
                      00102 ;* * * * * * * * * * * * * * * * * * * * * * * * * * * * * * * * * *
                      00103 ; CADA ROTINA OU SUBROTINA DEVE POSSUIR A DESCRIÇÃO DE FUNCIONAMENTO
                      00104 ; E UM NOME COERENTE ÀS SUAS FUNÇÕES.
000C                  00105 TWO_SEC_LOOP_ROUTINE
000C   30F4           00106         MOVLW .244
000D   00A2           00107         MOVWF COUNTR
000E   2???           00108         GOTO LOOP_ROUTINE
000F                  00109 OFIVE_SEC_LOOP_ROUTINE
000F   303D           00110         MOVLW .61
0010   00A2           00111         MOVWF COUNTR
0011                  00112 LOOP_ROUTINE
0011   2???           00113         CALL TIMER_ROUTINE
Message[305]: Using default destination of 1 (file).
0012   03A2           00114         DECF COUNTR
0013   1D03           00115         BTFSS STATUS, Z
0014   2???           00116         GOTO LOOP_ROUTINE
0015   0008           00117         RETURN  
                      00118         
0016                  00119 TIMER_ROUTINE
0016   3000           00120         MOVLW .0
0017   0081           00121         MOVWF TMR0
0018   110B           00122         BCF INTCON, T0IF
0019                  00123 LOOPONE
0019   1D0B           00124         BTFSS INTCON, T0IF
001A   2???           00125         GOTO LOOPONE
                      00126         ;CORPO DA ROTINA
                      00127 
001B   0008           00128         RETURN
                      00129 
                      00130 ;* * * * * * * * * * * * * * * * * * * * * * * * * * * * * * * * * *
                      00131 ;*                     INICIO DO PROGRAMA                          *
                      00132 ;* * * * * * * * * * * * * * * * * * * * * * * * * * * * * * * * * *
                      00133         
001C                  00134 INICIO
001C   1683           00135         BANK1                           ;ALTERA PARA O BANCO 1
001D   3000           00136         MOVLW   B'00000000'     ;CONFIGURA TODAS AS PORTAS DO GPIO (PINOS)
Message[302]: Register in operand not in bank 0.  Ensure that bank bits are correct.
001E   0085           00137         MOVWF   TRISIO          ;COMO SAÍDAS
Message[302]: Register in operand not in bank 0.  Ensure that bank bits are correct.
001F   019F           00138         CLRF    ANSEL           ;DEFINE PORTAS COMO Digital I/O
0020   3004           00139         MOVLW   B'00000100'
Message[302]: Register in operand not in bank 0.  Ensure that bank bits are correct.
0021   0081           00140         MOVWF   OPTION_REG      ;DEFINE OPÇÕES DE OPERAÇÃO
0022   3000           00141         MOVLW   B'00000000'
0023   008B           00142         MOVWF   INTCON          ;DEFINE OPÇÕES DE INTERRUPÇÕES
0024   1283           00143         BANK0                           ;RETORNA PARA O BANCO
0025   3007           00144         MOVLW   B'00000111'
0026   0099           00145         MOVWF   CMCON           ;DEFINE O MODO DE OPERAÇÃO DO COMPARADOR ANALÓGICO
MPASM 5.77                      SEMAFORO.ASM   4-4-2022  20:06:04         PAGE  4


LOC  OBJECT CODE     LINE SOURCE TEXT
  VALUE

                      00146 
                      00147 ;* * * * * * * * * * * * * * * * * * * * * * * * * * * * * * * * * *
                      00148 ;*                     INICIALIZAÇÃO DAS VARIÁVEIS                 *
                      00149 ;* * * * * * * * * * * * * * * * * * * * * * * * * * * * * * * * * *
                      00150 
                      00151 ;* * * * * * * * * * * * * * * * * * * * * * * * * * * * * * * * * *
                      00152 ;*                     ROTINA PRINCIPAL                            *
                      00153 ;* * * * * * * * * * * * * * * * * * * * * * * * * * * * * * * * * *
0027                  00154 MAIN
                      00155     ;; POR TER APENAS 5 SAÍDAS DISPONIVEIS E 6 LEDS, 
                      00156     ;; DECIDI POR UTILIZAR UMA PORTA GPIO PARA CONTROLE DE DOIS LEDS 
                      00157     ;; (VERMELHO E VERDE) DE CADA SEMAFORO ATRAVÉS DO SEU ESTADO LÓGICO.
                      00158     ;; SABENDO QUE VERMELHO E VERDE DO MESMO SEMAFORO NUNCA ACENDERÁ JUNTO E 
                      00159     ;; QUE SE O VERMELHO ESTÁ ACESO, OBRIGATÓRIAMENTE, O VERDE ESTÁ APAGADO,
                      00160     ;; VICE-VERSA 
                      00161     
                      00162     ;; PARA CONTROLE INDIVIDUAL DOS LEDS, PODE SE UTILIZAR UM RELÉ, 
                      00163     ;; TRANSISTOR, ETC...
                      00164         
                      00165         ;;SEMAFORO 1
                      00166           ;GP0 ->
                      00167                 ;LOW - VERMELHO
                      00168                 ;HIGH - VERDE
                      00169           ;GP1 -> 
                      00170                 ;LOW - APAGADO
                      00171                 ;HIGH - AMARELO
                      00172           
                      00173         ;;SEMAFORO 2  
                      00174           ;GP2 -> 
                      00175                 ;LOW - VERMELHO
                      00176                 ;HIGH - VERDE
                      00177           ;GP4 -> 
                      00178                 ;LOW - APAGADO
                      00179                 ;HIGH - AMARELO
                      00180                 
0027   0185           00181     CLRF GPIO 
0028                  00182 SEMAFORO1VERMELHO
                      00183             ;CLRF GPIO 
                      00184             ;BCF GPIO, GP0 ;SEM1VERM ON
                      00185             ;BSF GPIO, GP2 ;SEM2VERD ON
0028   3004           00186         MOVLW B'00000100'
0029   0085           00187         MOVWF GPIO
002A   2???           00188         CALL TWO_SEC_LOOP_ROUTINE ;; 2SEC ROUTINE
002B   1605           00189         BSF GPIO, GP4 ;SEM2AMAR ON
002C   2???           00190         CALL OFIVE_SEC_LOOP_ROUTINE  ;;0.5S ROUTINE
                      00191         ;BCF GPIO, GP4 ;SEM2AMAR OFF
                      00192                 
002D                  00193 SEMAFORO2VERMELHO 
                      00194             ;CLRF GPIO 
                      00195             ;BCF GPIO, GP2 ;SEM2VERM ON
                      00196             ;BSF GPIO, GP0 ;SEM1VERD ON
002D   3001           00197         MOVLW B'00000001'
002E   0085           00198         MOVWF GPIO
MPASM 5.77                      SEMAFORO.ASM   4-4-2022  20:06:04         PAGE  5


LOC  OBJECT CODE     LINE SOURCE TEXT
  VALUE

002F   2???           00199         CALL TWO_SEC_LOOP_ROUTINE ;; 2SEC ROUTINE
0030   1485           00200         BSF GPIO, GP1 ;SEM2AMAR ON
0031   2???           00201         CALL OFIVE_SEC_LOOP_ROUTINE  ;;0.5S ROUTINE
                      00202         ;BCF GPIO, GP1 ;SEM2AMAR OFF
0032   2???           00203         GOTO SEMAFORO1VERMELHO
0033   2???           00204         GOTO MAIN
                      00205 
                      00206 ;* * * * * * * * * * * * * * * * * * * * * * * * * * * * * * * * * *
                      00207 ;*                       FIM DO PROGRAMA                           *
                      00208 ;* * * * * * * * * * * * * * * * * * * * * * * * * * * * * * * * * *
                      00209 
3FA4                  00210         END
MPASM 5.77                      SEMAFORO.ASM   4-4-2022  20:06:04         PAGE  6


SYMBOL TABLE
  LABEL                             VALUE 

ADCON0                            0000001F
ADCS0                             00000004
ADCS1                             00000005
ADCS2                             00000006
ADFM                              00000007
ADIE                              00000006
ADIF                              00000006
ADON                              00000000
ADRESH                            0000001E
ADRESL                            0000009E
ANS0                              00000000
ANS1                              00000001
ANS2                              00000002
ANS3                              00000003
ANSEL                             0000009F
BANK0                             BCF STATUS,RP0
BANK1                             BSF STATUS,RP0
C                                 00000000
CAL0                              00000002
CAL1                              00000003
CAL2                              00000004
CAL3                              00000005
CAL4                              00000006
CAL5                              00000007
CHS0                              00000002
CHS1                              00000003
CINV                              00000004
CIS                               00000003
CM0                               00000000
CM1                               00000001
CM2                               00000002
CMCON                             00000019
CMIE                              00000003
CMIF                              00000003
COUNTR                            00000022
COUT                              00000006
DC                                00000001
EEADR                             0000009B
EECON1                            0000009C
EECON2                            0000009D
EEDAT                             0000009A
EEDATA                            0000009A
EEIE                              00000007
EEIF                              00000007
F                                 00000001
FSR                               00000004
GIE                               00000007
GO                                00000001
GO_DONE                           00000001
GO_NOT_DONE                       00000001
GP0                               00000000
GP1                               00000001
GP2                               00000002
MPASM 5.77                      SEMAFORO.ASM   4-4-2022  20:06:04         PAGE  7


SYMBOL TABLE
  LABEL                             VALUE 

GP3                               00000003
GP4                               00000004
GP5                               00000005
GPIE                              00000003
GPIF                              00000000
GPIO                              00000005
GPIO0                             00000000
GPIO1                             00000001
GPIO2                             00000002
GPIO3                             00000003
GPIO4                             00000004
GPIO5                             00000005
INDF                              00000000
INICIO                            0000001C
INTCON                            0000000B
INTE                              00000004
INTEDG                            00000006
INTF                              00000001
IOC                               00000096
IOC0                              00000000
IOC1                              00000001
IOC2                              00000002
IOC3                              00000003
IOC4                              00000004
IOC5                              00000005
IOCB                              00000096
IOCB0                             00000000
IOCB1                             00000001
IOCB2                             00000002
IOCB3                             00000003
IOCB4                             00000004
IOCB5                             00000005
IRP                               00000007
LOOPONE                           00000019
LOOP_ROUTINE                      00000011
MAIN                              00000027
NOT_BOD                           00000000
NOT_BOR                           00000000
NOT_DONE                          00000001
NOT_GPPU                          00000007
NOT_PD                            00000003
NOT_POR                           00000001
NOT_T1SYNC                        00000002
NOT_TO                            00000004
OFIVE_SEC_LOOP_ROUTINE            0000000F
OPTION_REG                        00000081
OSCCAL                            00000090
PCL                               00000002
PCLATH                            0000000A
PCON                              0000008E
PEIE                              00000006
PIE1                              0000008C
PIR1                              0000000C
MPASM 5.77                      SEMAFORO.ASM   4-4-2022  20:06:04         PAGE  8


SYMBOL TABLE
  LABEL                             VALUE 

PS0                               00000000
PS1                               00000001
PS2                               00000002
PSA                               00000003
RD                                00000000
RP0                               00000005
RP1                               00000006
SAI_INT                           00000007
SEMAFORO1VERMELHO                 00000028
SEMAFORO2VERMELHO                 0000002D
STATUS                            00000003
STATUS_TEMP                       00000021
T0CS                              00000005
T0IE                              00000005
T0IF                              00000002
T0SE                              00000004
T1CKPS0                           00000004
T1CKPS1                           00000005
T1CON                             00000010
T1IE                              00000000
T1IF                              00000000
T1OSCEN                           00000003
TIMER_ROUTINE                     00000016
TMR0                              00000001
TMR0IE                            00000005
TMR0IF                            00000002
TMR1                              0000000E
TMR1CS                            00000001
TMR1GE                            00000006
TMR1H                             0000000F
TMR1IE                            00000000
TMR1IF                            00000000
TMR1L                             0000000E
TMR1ON                            00000000
TRISIO                            00000085
TRISIO0                           00000000
TRISIO1                           00000001
TRISIO2                           00000002
TRISIO3                           00000003
TRISIO4                           00000004
TRISIO5                           00000005
TWO_SEC_LOOP_ROUTINE              0000000C
VCFG                              00000006
VR0                               00000000
VR1                               00000001
VR2                               00000002
VR3                               00000003
VRCON                             00000099
VREN                              00000007
VRR                               00000005
W                                 00000000
WPU                               00000095
WPU0                              00000000
MPASM 5.77                      SEMAFORO.ASM   4-4-2022  20:06:04         PAGE  9


SYMBOL TABLE
  LABEL                             VALUE 

WPU1                              00000001
WPU2                              00000002
WPU4                              00000004
WPU5                              00000005
WR                                00000001
WREN                              00000002
WRERR                             00000003
W_TEMP                            00000020
Z                                 00000002
_BODEN_OFF                        00003FBF
_BODEN_ON                         00003FFF
_BOREN_OFF                        00003FBF
_BOREN_ON                         00003FFF
_CONFIG                           00002007
_CPD_OFF                          00003FFF
_CPD_ON                           00003EFF
_CP_OFF                           00003FFF
_CP_ON                            00003F7F
_DEVID1                           00002006
_EC_OSC                           00003FFB
_EXTRC_OSC_CLKOUT                 00003FFF
_EXTRC_OSC_NOCLKOUT               00003FFE
_FOSC_EC                          00003FFB
_FOSC_EXTRCCLK                    00003FFF
_FOSC_EXTRCIO                     00003FFE
_FOSC_HS                          00003FFA
_FOSC_INTRCCLK                    00003FFD
_FOSC_INTRCIO                     00003FFC
_FOSC_LP                          00003FF8
_FOSC_XT                          00003FF9
_HS_OSC                           00003FFA
_IDLOC0                           00002000
_IDLOC1                           00002001
_IDLOC2                           00002002
_IDLOC3                           00002003
_INTRC_OSC_CLKOUT                 00003FFD
_INTRC_OSC_NOCLKOUT               00003FFC
_LP_OSC                           00003FF8
_MCLRE_OFF                        00003FDF
_MCLRE_ON                         00003FFF
_PWRTE_OFF                        00003FFF
_PWRTE_ON                         00003FEF
_WDTE_OFF                         00003FF7
_WDTE_ON                          00003FFF
_WDT_OFF                          00003FF7
_WDT_ON                           00003FFF
_XT_OSC                           00003FF9
__12F675                          00000001
__DEBUG                           
__MPLAB_DEBUGGER_SIMULATOR        1

MPASM 5.77                      SEMAFORO.ASM   4-4-2022  20:06:04         PAGE 10





Errors   :     0
Warnings :     0 reported,     0 suppressed
Messages :     4 reported,     0 suppressed

